-------------------------------------------------------------------------------
Test set: ru.netology.sqr.sqrtHomework.services.SQRServiceTest
-------------------------------------------------------------------------------
Tests run: 3, Failures: 1, Errors: 0, Skipped: 0, Time elapsed: 0.114 s <<< FAILURE! - in ru.netology.sqr.sqrtHomework.services.SQRServiceTest
shouldCountSqrtNegative  Time elapsed: 0.027 s  <<< FAILURE!
org.opentest4j.AssertionFailedError: expected: <8> but was: <10>
	at ru.netology.sqr.sqrtHomework.services.SQRServiceTest.shouldCountSqrtNegative(SQRServiceTest.java:36)

